<?xml version="1.0" encoding="UTF-8"?>
<testsuite name="br.com.api.runners.RunnerTest" time="5.43" tests="7" errors="0" skipped="0" failures="2">
  <properties>
[...]
</properties>
  <testcase name="Verificar se o imposto é calculado corretamente pela API" classname="Calculo do Imposto de Renda" time="5.43">
    <failure message="1 expectation failed.&#10;JSON path valor_restituido doesn&apos;t match.&#10;Expected: &lt;11.0F&gt;&#10;  Actual: 8430.0&#10;" type="java.lang.AssertionError"><![CDATA[java.lang.AssertionError: 1 expectation failed.
JSON path valor_restituido doesn't match.
Expected: <11.0F>
  Actual: 8430.0

	at java.base/jdk.internal.reflect.NativeConstructorAccessorImpl.newInstance0(Native Method)
	at java.base/jdk.internal.reflect.NativeConstructorAccessorImpl.newInstance(NativeConstructorAccessorImpl.java:62)
	at java.base/jdk.internal.reflect.DelegatingConstructorAccessorImpl.newInstance(DelegatingConstructorAccessorImpl.java:45)
	at java.base/java.lang.reflect.Constructor.newInstance(Constructor.java:490)
	at org.codehaus.groovy.reflection.CachedConstructor.invoke(CachedConstructor.java:80)
	at org.codehaus.groovy.reflection.CachedConstructor.doConstructorInvoke(CachedConstructor.java:74)
	at org.codehaus.groovy.runtime.callsite.ConstructorSite$ConstructorSiteNoUnwrap.callConstructor(ConstructorSite.java:84)
	at org.codehaus.groovy.runtime.callsite.CallSiteArray.defaultCallConstructor(CallSiteArray.java:59)
	at org.codehaus.groovy.runtime.callsite.AbstractCallSite.callConstructor(AbstractCallSite.java:237)
	at org.codehaus.groovy.runtime.callsite.AbstractCallSite.callConstructor(AbstractCallSite.java:249)
	at io.restassured.internal.ResponseSpecificationImpl$HamcrestAssertionClosure.validate(ResponseSpecificationImpl.groovy:492)
	at io.restassured.internal.ResponseSpecificationImpl$HamcrestAssertionClosure$validate$1.call(Unknown Source)
	at org.codehaus.groovy.runtime.callsite.CallSiteArray.defaultCall(CallSiteArray.java:47)
	at org.codehaus.groovy.runtime.callsite.AbstractCallSite.call(AbstractCallSite.java:115)
	at org.codehaus.groovy.runtime.callsite.AbstractCallSite.call(AbstractCallSite.java:127)
	at io.restassured.internal.ResponseSpecificationImpl.validateResponseIfRequired(ResponseSpecificationImpl.groovy:655)
	at java.base/jdk.internal.reflect.NativeMethodAccessorImpl.invoke0(Native Method)
	at java.base/jdk.internal.reflect.NativeMethodAccessorImpl.invoke(NativeMethodAccessorImpl.java:62)
	at java.base/jdk.internal.reflect.DelegatingMethodAccessorImpl.invoke(DelegatingMethodAccessorImpl.java:43)
	at java.base/java.lang.reflect.Method.invoke(Method.java:566)
	at org.codehaus.groovy.runtime.callsite.PlainObjectMetaMethodSite.doInvoke(PlainObjectMetaMethodSite.java:43)
	at org.codehaus.groovy.runtime.callsite.PogoMetaMethodSite$PogoCachedMethodSiteNoUnwrapNoCoerce.invoke(PogoMetaMethodSite.java:190)
	at org.codehaus.groovy.runtime.callsite.PogoMetaMethodSite.callCurrent(PogoMetaMethodSite.java:58)
	at org.codehaus.groovy.runtime.callsite.CallSiteArray.defaultCallCurrent(CallSiteArray.java:51)
	at org.codehaus.groovy.runtime.callsite.AbstractCallSite.callCurrent(AbstractCallSite.java:156)
	at org.codehaus.groovy.runtime.callsite.AbstractCallSite.callCurrent(AbstractCallSite.java:168)
	at io.restassured.internal.ResponseSpecificationImpl.body(ResponseSpecificationImpl.groovy:260)
	at io.restassured.specification.ResponseSpecification$body$0.callCurrent(Unknown Source)
	at org.codehaus.groovy.runtime.callsite.CallSiteArray.defaultCallCurrent(CallSiteArray.java:51)
	at org.codehaus.groovy.runtime.callsite.AbstractCallSite.callCurrent(AbstractCallSite.java:156)
	at org.codehaus.groovy.runtime.callsite.AbstractCallSite.callCurrent(AbstractCallSite.java:192)
	at io.restassured.internal.ResponseSpecificationImpl.body(ResponseSpecificationImpl.groovy:107)
	at io.restassured.internal.ValidatableResponseOptionsImpl.body(ValidatableResponseOptionsImpl.java:244)
	at io.restassured.internal.ValidatableResponseImpl.super$2$body(ValidatableResponseImpl.groovy)
	at java.base/jdk.internal.reflect.NativeMethodAccessorImpl.invoke0(Native Method)
	at java.base/jdk.internal.reflect.NativeMethodAccessorImpl.invoke(NativeMethodAccessorImpl.java:62)
	at java.base/jdk.internal.reflect.DelegatingMethodAccessorImpl.invoke(DelegatingMethodAccessorImpl.java:43)
	at java.base/java.lang.reflect.Method.invoke(Method.java:566)
	at org.codehaus.groovy.reflection.CachedMethod.invoke(CachedMethod.java:101)
	at groovy.lang.MetaMethod.doMethodInvoke(MetaMethod.java:323)
	at groovy.lang.MetaClassImpl.invokeMethod(MetaClassImpl.java:1217)
	at org.codehaus.groovy.runtime.ScriptBytecodeAdapter.invokeMethodOnSuperN(ScriptBytecodeAdapter.java:144)
	at io.restassured.internal.ValidatableResponseImpl.body(ValidatableResponseImpl.groovy:298)
	at io.restassured.internal.ValidatableResponseImpl.body(ValidatableResponseImpl.groovy)
	at br.com.api.steps.CalculoImpostoTest.devoObterOValorDeImpostoEquivalenteAoResultadoEsperado(CalculoImpostoTest.java:46)
	at ✽.devo obter o valor de imposto equivalente a R$ 11.0(file:///C:/Users/Leonardo/workspace/ItauExample/src/test/resource/features/CalculoImpostoRenda.feature:10)
]]></failure>
    <system-out><![CDATA[
Esquema do Cenario: Verificar se o imposto é calculado corretamente pela API # src/test/resource/features/CalculoImpostoRenda.feature:14
  Dado que tenho os seguintes bens 100000 , "C" , 150000, 9000, 250000       # br.com.api.steps.CalculoImpostoTest.que_tenho_os_seguintes_bens(java.lang.Double,java.lang.String,java.lang.Double,java.lang.Double,java.lang.Double)
01:23:17.196 [main] DEBUG org.apache.http.impl.conn.BasicClientConnectionManager - Get connection for route {}->http://localhost:8080
01:23:17.222 [main] DEBUG org.apache.http.impl.conn.DefaultClientConnectionOperator - Connecting to localhost:8080
01:23:17.256 [main] DEBUG org.apache.http.client.protocol.RequestAddCookies - CookieSpec selected: ignoreCookies
01:23:17.262 [main] DEBUG org.apache.http.client.protocol.RequestAuthCache - Auth cache not set in the context
01:23:17.262 [main] DEBUG org.apache.http.client.protocol.RequestTargetAuthentication - Target auth state: UNCHALLENGED
01:23:17.264 [main] DEBUG org.apache.http.client.protocol.RequestProxyAuthentication - Proxy auth state: UNCHALLENGED
01:23:17.264 [main] DEBUG org.apache.http.impl.client.DefaultHttpClient - Attempt 1 to execute request
01:23:17.265 [main] DEBUG org.apache.http.impl.conn.DefaultClientConnection - Sending request: POST /calcula_imposto_renda HTTP/1.1
01:23:17.266 [main] DEBUG org.apache.http.wire -  >> "POST /calcula_imposto_renda HTTP/1.1[\r][\n]"
01:23:17.268 [main] DEBUG org.apache.http.wire -  >> "Accept: */*[\r][\n]"
01:23:17.269 [main] DEBUG org.apache.http.wire -  >> "Content-Type: application/json; charset=UTF-8[\r][\n]"
01:23:17.269 [main] DEBUG org.apache.http.wire -  >> "Content-Length: 426[\r][\n]"
01:23:17.269 [main] DEBUG org.apache.http.wire -  >> "Host: localhost:8080[\r][\n]"
01:23:17.269 [main] DEBUG org.apache.http.wire -  >> "Connection: Keep-Alive[\r][\n]"
01:23:17.270 [main] DEBUG org.apache.http.wire -  >> "User-Agent: Apache-HttpClient/4.5.12 (Java/11.0.8)[\r][\n]"
01:23:17.271 [main] DEBUG org.apache.http.wire -  >> "Accept-Encoding: gzip,deflate[\r][\n]"
01:23:17.271 [main] DEBUG org.apache.http.wire -  >> "[\r][\n]"
01:23:17.271 [main] DEBUG org.apache.http.headers - >> POST /calcula_imposto_renda HTTP/1.1
01:23:17.272 [main] DEBUG org.apache.http.headers - >> Accept: */*
01:23:17.272 [main] DEBUG org.apache.http.headers - >> Content-Type: application/json; charset=UTF-8
01:23:17.272 [main] DEBUG org.apache.http.headers - >> Content-Length: 426
01:23:17.272 [main] DEBUG org.apache.http.headers - >> Host: localhost:8080
01:23:17.272 [main] DEBUG org.apache.http.headers - >> Connection: Keep-Alive
01:23:17.272 [main] DEBUG org.apache.http.headers - >> User-Agent: Apache-HttpClient/4.5.12 (Java/11.0.8)
01:23:17.272 [main] DEBUG org.apache.http.headers - >> Accept-Encoding: gzip,deflate
01:23:17.273 [main] DEBUG org.apache.http.wire -  >> "{[\n]"
01:23:17.274 [main] DEBUG org.apache.http.wire -  >> "    "carros": [[\n]"
01:23:17.276 [main] DEBUG org.apache.http.wire -  >> "        {[\n]"
01:23:17.276 [main] DEBUG org.apache.http.wire -  >> "            "ano_modelo": "2015",[\n]"
01:23:17.276 [main] DEBUG org.apache.http.wire -  >> "            "quilometragem": 83000,[\n]"
01:23:17.277 [main] DEBUG org.apache.http.wire -  >> "            "marca": "volkswagen",[\n]"
01:23:17.277 [main] DEBUG org.apache.http.wire -  >> "            "modelo": "golf",[\n]"
01:23:17.278 [main] DEBUG org.apache.http.wire -  >> "            "tabela_fipe":100000.0[\n]"
01:23:17.278 [main] DEBUG org.apache.http.wire -  >> "        }[\n]"
01:23:17.278 [main] DEBUG org.apache.http.wire -  >> "    ],[\n]"
01:23:17.279 [main] DEBUG org.apache.http.wire -  >> "    "dinheiro_investido":9000.0,[\n]"
01:23:17.279 [main] DEBUG org.apache.http.wire -  >> "    "dinheiro_poupanca":250000.0,[\n]"
01:23:17.279 [main] DEBUG org.apache.http.wire -  >> "    "imoveis": [[\n]"
01:23:17.279 [main] DEBUG org.apache.http.wire -  >> "        {[\n]"
01:23:17.280 [main] DEBUG org.apache.http.wire -  >> "            "metros_quadrados": 328,[\n]"
01:23:17.281 [main] DEBUG org.apache.http.wire -  >> "            "tipo_residencia":"C",[\n]"
01:23:17.281 [main] DEBUG org.apache.http.wire -  >> "            "valor":150000.0        }[\n]"
01:23:17.281 [main] DEBUG org.apache.http.wire -  >> "    ][\n]"
01:23:17.281 [main] DEBUG org.apache.http.wire -  >> "}"
01:23:17.354 [main] DEBUG org.apache.http.wire -  << "HTTP/1.1 200 [\r][\n]"
01:23:17.356 [main] DEBUG org.apache.http.wire -  << "Content-Type: application/json[\r][\n]"
01:23:17.356 [main] DEBUG org.apache.http.wire -  << "Transfer-Encoding: chunked[\r][\n]"
01:23:17.356 [main] DEBUG org.apache.http.wire -  << "Date: Tue, 11 Aug 2020 04:23:17 GMT[\r][\n]"
01:23:17.358 [main] DEBUG org.apache.http.wire -  << "Keep-Alive: timeout=60[\r][\n]"
01:23:17.358 [main] DEBUG org.apache.http.wire -  << "Connection: keep-alive[\r][\n]"
01:23:17.359 [main] DEBUG org.apache.http.wire -  << "[\r][\n]"
01:23:17.363 [main] DEBUG org.apache.http.impl.conn.DefaultClientConnection - Receiving response: HTTP/1.1 200 
01:23:17.364 [main] DEBUG org.apache.http.headers - << HTTP/1.1 200 
01:23:17.366 [main] DEBUG org.apache.http.headers - << Content-Type: application/json
01:23:17.366 [main] DEBUG org.apache.http.headers - << Transfer-Encoding: chunked
01:23:17.367 [main] DEBUG org.apache.http.headers - << Date: Tue, 11 Aug 2020 04:23:17 GMT
01:23:17.367 [main] DEBUG org.apache.http.headers - << Keep-Alive: timeout=60
01:23:17.367 [main] DEBUG org.apache.http.headers - << Connection: keep-alive
01:23:17.380 [main] DEBUG org.apache.http.impl.client.DefaultHttpClient - Connection can be kept alive for 60000 MILLISECONDS
01:23:17.419 [main] DEBUG io.restassured.internal.RequestSpecificationImpl$RestAssuredHttpBuilder - Parsing response as: application/json
01:23:17.421 [main] DEBUG io.restassured.internal.RequestSpecificationImpl$RestAssuredHttpBuilder - Parsed data to instance of: class org.apache.http.conn.EofSensorInputStream
  Quando submeto os meus bens para cálculo do imposto                        # br.com.api.steps.CalculoImpostoTest.submetoOsMeusBensParaCálculoDoImposto()
01:23:17.823 [main] DEBUG org.apache.http.wire -  << "1b[\r][\n]"
01:23:17.823 [main] DEBUG org.apache.http.wire -  << "{"valor_restituido":8430.0}"
01:23:17.826 [main] DEBUG org.apache.http.wire -  << "[\r][\n]"
01:23:17.827 [main] DEBUG org.apache.http.wire -  << "0[\r][\n]"
01:23:17.828 [main] DEBUG org.apache.http.wire -  << "[\r][\n]"
01:23:17.835 [main] DEBUG org.apache.http.impl.conn.BasicClientConnectionManager - Releasing connection org.apache.http.impl.conn.ManagedClientConnectionImpl@35f3a22c
01:23:17.836 [main] DEBUG org.apache.http.impl.conn.BasicClientConnectionManager - Connection can be kept alive for 60000 MILLISECONDS
  Então devo obter o valor de imposto equivalente a R$ 11.0                  # br.com.api.steps.CalculoImpostoTest.devoObterOValorDeImpostoEquivalenteAoResultadoEsperado(double)
      java.lang.AssertionError: 1 expectation failed.
JSON path valor_restituido doesn't match.
Expected: <11.0F>
  Actual: 8430.0

	at java.base/jdk.internal.reflect.NativeConstructorAccessorImpl.newInstance0(Native Method)
	at java.base/jdk.internal.reflect.NativeConstructorAccessorImpl.newInstance(NativeConstructorAccessorImpl.java:62)
	at java.base/jdk.internal.reflect.DelegatingConstructorAccessorImpl.newInstance(DelegatingConstructorAccessorImpl.java:45)
	at java.base/java.lang.reflect.Constructor.newInstance(Constructor.java:490)
	at org.codehaus.groovy.reflection.CachedConstructor.invoke(CachedConstructor.java:80)
	at org.codehaus.groovy.reflection.CachedConstructor.doConstructorInvoke(CachedConstructor.java:74)
	at org.codehaus.groovy.runtime.callsite.ConstructorSite$ConstructorSiteNoUnwrap.callConstructor(ConstructorSite.java:84)
	at org.codehaus.groovy.runtime.callsite.CallSiteArray.defaultCallConstructor(CallSiteArray.java:59)
	at org.codehaus.groovy.runtime.callsite.AbstractCallSite.callConstructor(AbstractCallSite.java:237)
	at org.codehaus.groovy.runtime.callsite.AbstractCallSite.callConstructor(AbstractCallSite.java:249)
	at io.restassured.internal.ResponseSpecificationImpl$HamcrestAssertionClosure.validate(ResponseSpecificationImpl.groovy:492)
	at io.restassured.internal.ResponseSpecificationImpl$HamcrestAssertionClosure$validate$1.call(Unknown Source)
	at org.codehaus.groovy.runtime.callsite.CallSiteArray.defaultCall(CallSiteArray.java:47)
	at org.codehaus.groovy.runtime.callsite.AbstractCallSite.call(AbstractCallSite.java:115)
	at org.codehaus.groovy.runtime.callsite.AbstractCallSite.call(AbstractCallSite.java:127)
	at io.restassured.internal.ResponseSpecificationImpl.validateResponseIfRequired(ResponseSpecificationImpl.groovy:655)
	at java.base/jdk.internal.reflect.NativeMethodAccessorImpl.invoke0(Native Method)
	at java.base/jdk.internal.reflect.NativeMethodAccessorImpl.invoke(NativeMethodAccessorImpl.java:62)
	at java.base/jdk.internal.reflect.DelegatingMethodAccessorImpl.invoke(DelegatingMethodAccessorImpl.java:43)
	at java.base/java.lang.reflect.Method.invoke(Method.java:566)
	at org.codehaus.groovy.runtime.callsite.PlainObjectMetaMethodSite.doInvoke(PlainObjectMetaMethodSite.java:43)
	at org.codehaus.groovy.runtime.callsite.PogoMetaMethodSite$PogoCachedMethodSiteNoUnwrapNoCoerce.invoke(PogoMetaMethodSite.java:190)
	at org.codehaus.groovy.runtime.callsite.PogoMetaMethodSite.callCurrent(PogoMetaMethodSite.java:58)
	at org.codehaus.groovy.runtime.callsite.CallSiteArray.defaultCallCurrent(CallSiteArray.java:51)
	at org.codehaus.groovy.runtime.callsite.AbstractCallSite.callCurrent(AbstractCallSite.java:156)
	at org.codehaus.groovy.runtime.callsite.AbstractCallSite.callCurrent(AbstractCallSite.java:168)
	at io.restassured.internal.ResponseSpecificationImpl.body(ResponseSpecificationImpl.groovy:260)
	at io.restassured.specification.ResponseSpecification$body$0.callCurrent(Unknown Source)
	at org.codehaus.groovy.runtime.callsite.CallSiteArray.defaultCallCurrent(CallSiteArray.java:51)
	at org.codehaus.groovy.runtime.callsite.AbstractCallSite.callCurrent(AbstractCallSite.java:156)
	at org.codehaus.groovy.runtime.callsite.AbstractCallSite.callCurrent(AbstractCallSite.java:192)
	at io.restassured.internal.ResponseSpecificationImpl.body(ResponseSpecificationImpl.groovy:107)
	at io.restassured.internal.ValidatableResponseOptionsImpl.body(ValidatableResponseOptionsImpl.java:244)
	at io.restassured.internal.ValidatableResponseImpl.super$2$body(ValidatableResponseImpl.groovy)
	at java.base/jdk.internal.reflect.NativeMethodAccessorImpl.invoke0(Native Method)
	at java.base/jdk.internal.reflect.NativeMethodAccessorImpl.invoke(NativeMethodAccessorImpl.java:62)
	at java.base/jdk.internal.reflect.DelegatingMethodAccessorImpl.invoke(DelegatingMethodAccessorImpl.java:43)
	at java.base/java.lang.reflect.Method.invoke(Method.java:566)
	at org.codehaus.groovy.reflection.CachedMethod.invoke(CachedMethod.java:101)
	at groovy.lang.MetaMethod.doMethodInvoke(MetaMethod.java:323)
	at groovy.lang.MetaClassImpl.invokeMethod(MetaClassImpl.java:1217)
	at org.codehaus.groovy.runtime.ScriptBytecodeAdapter.invokeMethodOnSuperN(ScriptBytecodeAdapter.java:144)
	at io.restassured.internal.ValidatableResponseImpl.body(ValidatableResponseImpl.groovy:298)
	at io.restassured.internal.ValidatableResponseImpl.body(ValidatableResponseImpl.groovy)
	at br.com.api.steps.CalculoImpostoTest.devoObterOValorDeImpostoEquivalenteAoResultadoEsperado(CalculoImpostoTest.java:46)
	at ?.devo obter o valor de imposto equivalente a R$ 11.0(file:///C:/Users/Leonardo/workspace/ItauExample/src/test/resource/features/CalculoImpostoRenda.feature:10)

]]></system-out>
    <system-err><![CDATA[ago 11, 2020 1:23:13 AM io.cucumber.junit.Cucumber <init>
WARNING: By default Cucumber is running in --non-strict mode.
This default will change to --strict and --non-strict will be removed.
You can use --strict or @CucumberOptions(strict = true) to suppress this warning
ago 11, 2020 1:23:13 AM io.cucumber.junit.Cucumber <init>
WARNING: By default Cucumber is running in --non-strict mode.
This default will change to --strict and --non-strict will be removed.
You can use --strict or @CucumberOptions(strict = true) to suppress this warning
]]></system-err>
  </testcase>
  <testcase name="Verificar se o imposto é calculado corretamente pela API" classname="Calculo do Imposto de Renda" time="0.089"/>
  <testcase name="Verificar se o imposto é calculado corretamente pela API" classname="Calculo do Imposto de Renda" time="0.127"/>
  <testcase name="Verificar se o imposto é calculado corretamente pela API" classname="Calculo do Imposto de Renda" time="0.111"/>
  <testcase name="Verificar se o imposto é calculado corretamente pela API" classname="Calculo do Imposto de Renda" time="0.124"/>
  <testcase name="Verificar se o imposto é calculado corretamente pela API" classname="Calculo do Imposto de Renda" time="0.108"/>
  <testcase name="Verificar se o imposto é calculado corretamente pela API" classname="Calculo do Imposto de Renda" time="0.145">
    <failure message="1 expectation failed.&#10;JSON path valor_restituido doesn&apos;t match.&#10;Expected: &lt;5.0F&gt;&#10;  Actual: 6329.985&#10;" type="java.lang.AssertionError"><![CDATA[java.lang.AssertionError: 1 expectation failed.
JSON path valor_restituido doesn't match.
Expected: <5.0F>
  Actual: 6329.985

	at java.base/jdk.internal.reflect.NativeConstructorAccessorImpl.newInstance0(Native Method)
	at java.base/jdk.internal.reflect.NativeConstructorAccessorImpl.newInstance(NativeConstructorAccessorImpl.java:62)
	at java.base/jdk.internal.reflect.DelegatingConstructorAccessorImpl.newInstance(DelegatingConstructorAccessorImpl.java:45)
	at java.base/java.lang.reflect.Constructor.newInstance(Constructor.java:490)
	at org.codehaus.groovy.reflection.CachedConstructor.invoke(CachedConstructor.java:80)
	at org.codehaus.groovy.reflection.CachedConstructor.doConstructorInvoke(CachedConstructor.java:74)
	at org.codehaus.groovy.runtime.callsite.ConstructorSite$ConstructorSiteNoUnwrap.callConstructor(ConstructorSite.java:84)
	at org.codehaus.groovy.runtime.callsite.AbstractCallSite.callConstructor(AbstractCallSite.java:249)
	at io.restassured.internal.ResponseSpecificationImpl$HamcrestAssertionClosure.validate(ResponseSpecificationImpl.groovy:492)
	at io.restassured.internal.ResponseSpecificationImpl$HamcrestAssertionClosure$validate$1.call(Unknown Source)
	at io.restassured.internal.ResponseSpecificationImpl.validateResponseIfRequired(ResponseSpecificationImpl.groovy:655)
	at java.base/jdk.internal.reflect.NativeMethodAccessorImpl.invoke0(Native Method)
	at java.base/jdk.internal.reflect.NativeMethodAccessorImpl.invoke(NativeMethodAccessorImpl.java:62)
	at java.base/jdk.internal.reflect.DelegatingMethodAccessorImpl.invoke(DelegatingMethodAccessorImpl.java:43)
	at java.base/java.lang.reflect.Method.invoke(Method.java:566)
	at org.codehaus.groovy.runtime.callsite.PlainObjectMetaMethodSite.doInvoke(PlainObjectMetaMethodSite.java:43)
	at org.codehaus.groovy.runtime.callsite.PogoMetaMethodSite$PogoCachedMethodSiteNoUnwrapNoCoerce.invoke(PogoMetaMethodSite.java:190)
	at org.codehaus.groovy.runtime.callsite.PogoMetaMethodSite.callCurrent(PogoMetaMethodSite.java:58)
	at org.codehaus.groovy.runtime.callsite.AbstractCallSite.callCurrent(AbstractCallSite.java:168)
	at io.restassured.internal.ResponseSpecificationImpl.body(ResponseSpecificationImpl.groovy:260)
	at io.restassured.specification.ResponseSpecification$body$0.callCurrent(Unknown Source)
	at io.restassured.internal.ResponseSpecificationImpl.body(ResponseSpecificationImpl.groovy:107)
	at io.restassured.internal.ValidatableResponseOptionsImpl.body(ValidatableResponseOptionsImpl.java:244)
	at io.restassured.internal.ValidatableResponseImpl.super$2$body(ValidatableResponseImpl.groovy)
	at java.base/jdk.internal.reflect.NativeMethodAccessorImpl.invoke0(Native Method)
	at java.base/jdk.internal.reflect.NativeMethodAccessorImpl.invoke(NativeMethodAccessorImpl.java:62)
	at java.base/jdk.internal.reflect.DelegatingMethodAccessorImpl.invoke(DelegatingMethodAccessorImpl.java:43)
	at java.base/java.lang.reflect.Method.invoke(Method.java:566)
	at org.codehaus.groovy.reflection.CachedMethod.invoke(CachedMethod.java:101)
	at groovy.lang.MetaMethod.doMethodInvoke(MetaMethod.java:323)
	at groovy.lang.MetaClassImpl.invokeMethod(MetaClassImpl.java:1217)
	at org.codehaus.groovy.runtime.ScriptBytecodeAdapter.invokeMethodOnSuperN(ScriptBytecodeAdapter.java:144)
	at io.restassured.internal.ValidatableResponseImpl.body(ValidatableResponseImpl.groovy:298)
	at io.restassured.internal.ValidatableResponseImpl.body(ValidatableResponseImpl.groovy)
	at br.com.api.steps.CalculoImpostoTest.devoObterOValorDeImpostoEquivalenteAoResultadoEsperado(CalculoImpostoTest.java:46)
	at ✽.devo obter o valor de imposto equivalente a R$ 5(file:///C:/Users/Leonardo/workspace/ItauExample/src/test/resource/features/CalculoImpostoRenda.feature:10)
]]></failure>
    <system-out><![CDATA[
Esquema do Cenario: Verificar se o imposto é calculado corretamente pela API # src/test/resource/features/CalculoImpostoRenda.feature:20
  Dado que tenho os seguintes bens 100000 , "C" , 9999, 9000, 250000         # br.com.api.steps.CalculoImpostoTest.que_tenho_os_seguintes_bens(java.lang.Double,java.lang.String,java.lang.Double,java.lang.Double,java.lang.Double)
01:23:19.147 [main] DEBUG org.apache.http.impl.conn.BasicClientConnectionManager - Get connection for route {}->http://localhost:8080
01:23:19.148 [main] DEBUG org.apache.http.impl.conn.DefaultClientConnectionOperator - Connecting to localhost:8080
01:23:19.150 [main] DEBUG org.apache.http.client.protocol.RequestAddCookies - CookieSpec selected: ignoreCookies
01:23:19.150 [main] DEBUG org.apache.http.client.protocol.RequestAuthCache - Auth cache not set in the context
01:23:19.151 [main] DEBUG org.apache.http.client.protocol.RequestTargetAuthentication - Target auth state: UNCHALLENGED
01:23:19.151 [main] DEBUG org.apache.http.client.protocol.RequestProxyAuthentication - Proxy auth state: UNCHALLENGED
01:23:19.151 [main] DEBUG org.apache.http.impl.client.DefaultHttpClient - Attempt 1 to execute request
01:23:19.151 [main] DEBUG org.apache.http.impl.conn.DefaultClientConnection - Sending request: POST /calcula_imposto_renda HTTP/1.1
01:23:19.151 [main] DEBUG org.apache.http.wire -  >> "POST /calcula_imposto_renda HTTP/1.1[\r][\n]"
01:23:19.151 [main] DEBUG org.apache.http.wire -  >> "Accept: */*[\r][\n]"
01:23:19.151 [main] DEBUG org.apache.http.wire -  >> "Content-Type: application/json; charset=UTF-8[\r][\n]"
01:23:19.151 [main] DEBUG org.apache.http.wire -  >> "Content-Length: 424[\r][\n]"
01:23:19.151 [main] DEBUG org.apache.http.wire -  >> "Host: localhost:8080[\r][\n]"
01:23:19.151 [main] DEBUG org.apache.http.wire -  >> "Connection: Keep-Alive[\r][\n]"
01:23:19.151 [main] DEBUG org.apache.http.wire -  >> "User-Agent: Apache-HttpClient/4.5.12 (Java/11.0.8)[\r][\n]"
01:23:19.151 [main] DEBUG org.apache.http.wire -  >> "Accept-Encoding: gzip,deflate[\r][\n]"
01:23:19.151 [main] DEBUG org.apache.http.wire -  >> "[\r][\n]"
01:23:19.151 [main] DEBUG org.apache.http.headers - >> POST /calcula_imposto_renda HTTP/1.1
01:23:19.151 [main] DEBUG org.apache.http.headers - >> Accept: */*
01:23:19.152 [main] DEBUG org.apache.http.headers - >> Content-Type: application/json; charset=UTF-8
01:23:19.152 [main] DEBUG org.apache.http.headers - >> Content-Length: 424
01:23:19.152 [main] DEBUG org.apache.http.headers - >> Host: localhost:8080
01:23:19.152 [main] DEBUG org.apache.http.headers - >> Connection: Keep-Alive
01:23:19.153 [main] DEBUG org.apache.http.headers - >> User-Agent: Apache-HttpClient/4.5.12 (Java/11.0.8)
01:23:19.153 [main] DEBUG org.apache.http.headers - >> Accept-Encoding: gzip,deflate
01:23:19.153 [main] DEBUG org.apache.http.wire -  >> "{[\n]"
01:23:19.153 [main] DEBUG org.apache.http.wire -  >> "    "carros": [[\n]"
01:23:19.153 [main] DEBUG org.apache.http.wire -  >> "        {[\n]"
01:23:19.153 [main] DEBUG org.apache.http.wire -  >> "            "ano_modelo": "2015",[\n]"
01:23:19.153 [main] DEBUG org.apache.http.wire -  >> "            "quilometragem": 83000,[\n]"
01:23:19.153 [main] DEBUG org.apache.http.wire -  >> "            "marca": "volkswagen",[\n]"
01:23:19.154 [main] DEBUG org.apache.http.wire -  >> "            "modelo": "golf",[\n]"
01:23:19.154 [main] DEBUG org.apache.http.wire -  >> "            "tabela_fipe":100000.0[\n]"
01:23:19.154 [main] DEBUG org.apache.http.wire -  >> "        }[\n]"
01:23:19.154 [main] DEBUG org.apache.http.wire -  >> "    ],[\n]"
01:23:19.154 [main] DEBUG org.apache.http.wire -  >> "    "dinheiro_investido":9000.0,[\n]"
01:23:19.154 [main] DEBUG org.apache.http.wire -  >> "    "dinheiro_poupanca":250000.0,[\n]"
01:23:19.154 [main] DEBUG org.apache.http.wire -  >> "    "imoveis": [[\n]"
01:23:19.154 [main] DEBUG org.apache.http.wire -  >> "        {[\n]"
01:23:19.155 [main] DEBUG org.apache.http.wire -  >> "            "metros_quadrados": 328,[\n]"
01:23:19.155 [main] DEBUG org.apache.http.wire -  >> "            "tipo_residencia":"C",[\n]"
01:23:19.155 [main] DEBUG org.apache.http.wire -  >> "            "valor":9999.0        }[\n]"
01:23:19.155 [main] DEBUG org.apache.http.wire -  >> "    ][\n]"
01:23:19.155 [main] DEBUG org.apache.http.wire -  >> "}"
01:23:19.161 [main] DEBUG org.apache.http.wire -  << "HTTP/1.1 200 [\r][\n]"
01:23:19.162 [main] DEBUG org.apache.http.wire -  << "Content-Type: application/json[\r][\n]"
01:23:19.162 [main] DEBUG org.apache.http.wire -  << "Transfer-Encoding: chunked[\r][\n]"
01:23:19.162 [main] DEBUG org.apache.http.wire -  << "Date: Tue, 11 Aug 2020 04:23:18 GMT[\r][\n]"
01:23:19.162 [main] DEBUG org.apache.http.wire -  << "Keep-Alive: timeout=60[\r][\n]"
01:23:19.162 [main] DEBUG org.apache.http.wire -  << "Connection: keep-alive[\r][\n]"
01:23:19.162 [main] DEBUG org.apache.http.wire -  << "[\r][\n]"
01:23:19.162 [main] DEBUG org.apache.http.impl.conn.DefaultClientConnection - Receiving response: HTTP/1.1 200 
01:23:19.162 [main] DEBUG org.apache.http.headers - << HTTP/1.1 200 
01:23:19.162 [main] DEBUG org.apache.http.headers - << Content-Type: application/json
01:23:19.162 [main] DEBUG org.apache.http.headers - << Transfer-Encoding: chunked
01:23:19.162 [main] DEBUG org.apache.http.headers - << Date: Tue, 11 Aug 2020 04:23:18 GMT
01:23:19.162 [main] DEBUG org.apache.http.headers - << Keep-Alive: timeout=60
01:23:19.162 [main] DEBUG org.apache.http.headers - << Connection: keep-alive
01:23:19.163 [main] DEBUG org.apache.http.impl.client.DefaultHttpClient - Connection can be kept alive for 60000 MILLISECONDS
01:23:19.163 [main] DEBUG io.restassured.internal.RequestSpecificationImpl$RestAssuredHttpBuilder - Parsing response as: application/json
01:23:19.163 [main] DEBUG io.restassured.internal.RequestSpecificationImpl$RestAssuredHttpBuilder - Parsed data to instance of: class org.apache.http.conn.EofSensorInputStream
  Quando submeto os meus bens para cálculo do imposto                        # br.com.api.steps.CalculoImpostoTest.submetoOsMeusBensParaCálculoDoImposto()
01:23:19.166 [main] DEBUG org.apache.http.wire -  << "1d[\r][\n]"
01:23:19.166 [main] DEBUG org.apache.http.wire -  << "{"valor_restituido":6329.985}"
01:23:19.166 [main] DEBUG org.apache.http.wire -  << "[\r][\n]"
01:23:19.166 [main] DEBUG org.apache.http.wire -  << "0[\r][\n]"
01:23:19.166 [main] DEBUG org.apache.http.wire -  << "[\r][\n]"
01:23:19.166 [main] DEBUG org.apache.http.impl.conn.BasicClientConnectionManager - Releasing connection org.apache.http.impl.conn.ManagedClientConnectionImpl@4ef2ab73
01:23:19.166 [main] DEBUG org.apache.http.impl.conn.BasicClientConnectionManager - Connection can be kept alive for 60000 MILLISECONDS
  Então devo obter o valor de imposto equivalente a R$ 5                     # br.com.api.steps.CalculoImpostoTest.devoObterOValorDeImpostoEquivalenteAoResultadoEsperado(double)
      java.lang.AssertionError: 1 expectation failed.
JSON path valor_restituido doesn't match.
Expected: <5.0F>
  Actual: 6329.985

	at java.base/jdk.internal.reflect.NativeConstructorAccessorImpl.newInstance0(Native Method)
	at java.base/jdk.internal.reflect.NativeConstructorAccessorImpl.newInstance(NativeConstructorAccessorImpl.java:62)
	at java.base/jdk.internal.reflect.DelegatingConstructorAccessorImpl.newInstance(DelegatingConstructorAccessorImpl.java:45)
	at java.base/java.lang.reflect.Constructor.newInstance(Constructor.java:490)
	at org.codehaus.groovy.reflection.CachedConstructor.invoke(CachedConstructor.java:80)
	at org.codehaus.groovy.reflection.CachedConstructor.doConstructorInvoke(CachedConstructor.java:74)
	at org.codehaus.groovy.runtime.callsite.ConstructorSite$ConstructorSiteNoUnwrap.callConstructor(ConstructorSite.java:84)
	at org.codehaus.groovy.runtime.callsite.AbstractCallSite.callConstructor(AbstractCallSite.java:249)
	at io.restassured.internal.ResponseSpecificationImpl$HamcrestAssertionClosure.validate(ResponseSpecificationImpl.groovy:492)
	at io.restassured.internal.ResponseSpecificationImpl$HamcrestAssertionClosure$validate$1.call(Unknown Source)
	at io.restassured.internal.ResponseSpecificationImpl.validateResponseIfRequired(ResponseSpecificationImpl.groovy:655)
	at java.base/jdk.internal.reflect.NativeMethodAccessorImpl.invoke0(Native Method)
	at java.base/jdk.internal.reflect.NativeMethodAccessorImpl.invoke(NativeMethodAccessorImpl.java:62)
	at java.base/jdk.internal.reflect.DelegatingMethodAccessorImpl.invoke(DelegatingMethodAccessorImpl.java:43)
	at java.base/java.lang.reflect.Method.invoke(Method.java:566)
	at org.codehaus.groovy.runtime.callsite.PlainObjectMetaMethodSite.doInvoke(PlainObjectMetaMethodSite.java:43)
	at org.codehaus.groovy.runtime.callsite.PogoMetaMethodSite$PogoCachedMethodSiteNoUnwrapNoCoerce.invoke(PogoMetaMethodSite.java:190)
	at org.codehaus.groovy.runtime.callsite.PogoMetaMethodSite.callCurrent(PogoMetaMethodSite.java:58)
	at org.codehaus.groovy.runtime.callsite.AbstractCallSite.callCurrent(AbstractCallSite.java:168)
	at io.restassured.internal.ResponseSpecificationImpl.body(ResponseSpecificationImpl.groovy:260)
	at io.restassured.specification.ResponseSpecification$body$0.callCurrent(Unknown Source)
	at io.restassured.internal.ResponseSpecificationImpl.body(ResponseSpecificationImpl.groovy:107)
	at io.restassured.internal.ValidatableResponseOptionsImpl.body(ValidatableResponseOptionsImpl.java:244)
	at io.restassured.internal.ValidatableResponseImpl.super$2$body(ValidatableResponseImpl.groovy)
	at java.base/jdk.internal.reflect.NativeMethodAccessorImpl.invoke0(Native Method)
	at java.base/jdk.internal.reflect.NativeMethodAccessorImpl.invoke(NativeMethodAccessorImpl.java:62)
	at java.base/jdk.internal.reflect.DelegatingMethodAccessorImpl.invoke(DelegatingMethodAccessorImpl.java:43)
	at java.base/java.lang.reflect.Method.invoke(Method.java:566)
	at org.codehaus.groovy.reflection.CachedMethod.invoke(CachedMethod.java:101)
	at groovy.lang.MetaMethod.doMethodInvoke(MetaMethod.java:323)
	at groovy.lang.MetaClassImpl.invokeMethod(MetaClassImpl.java:1217)
	at org.codehaus.groovy.runtime.ScriptBytecodeAdapter.invokeMethodOnSuperN(ScriptBytecodeAdapter.java:144)
	at io.restassured.internal.ValidatableResponseImpl.body(ValidatableResponseImpl.groovy:298)
	at io.restassured.internal.ValidatableResponseImpl.body(ValidatableResponseImpl.groovy)
	at br.com.api.steps.CalculoImpostoTest.devoObterOValorDeImpostoEquivalenteAoResultadoEsperado(CalculoImpostoTest.java:46)
	at ?.devo obter o valor de imposto equivalente a R$ 5(file:///C:/Users/Leonardo/workspace/ItauExample/src/test/resource/features/CalculoImpostoRenda.feature:10)

]]></system-out>
  </testcase>
</testsuite>